app/build/intermediates/manifest_merge_blame_file/debug/processDebugMainManifest/manifest-merger-blame-debug-report.txt
1<?xml version="1.0" encoding="utf-8"?>
2<manifest xmlns:android="http://schemas.android.com/apk/res/android"
3    package="com.iykyk.collage"
4    android:versionCode="1"
5    android:versionName="1.0" >
6
7    <uses-sdk
8        android:minSdkVersion="26"
9        android:targetSdkVersion="35" />
10
11    <uses-permission android:name="android.permission.READ_MEDIA_VIDEO" />
11-->src/main/AndroidManifest.xml:5:5-75
11-->src/main/AndroidManifest.xml:5:22-72
12    <uses-permission android:name="android.permission.READ_MEDIA_IMAGES" />
12-->src/main/AndroidManifest.xml:6:5-76
12-->src/main/AndroidManifest.xml:6:22-73
13    <uses-permission
13-->src/main/AndroidManifest.xml:7:5-107
14        android:name="android.permission.READ_EXTERNAL_STORAGE"
14-->src/main/AndroidManifest.xml:7:22-77
15        android:maxSdkVersion="32" />
15-->src/main/AndroidManifest.xml:7:78-104
16    <uses-permission
16-->src/main/AndroidManifest.xml:8:5-137
17        android:name="android.permission.WRITE_EXTERNAL_STORAGE"
17-->src/main/AndroidManifest.xml:8:22-78
18        android:maxSdkVersion="28" />
18-->src/main/AndroidManifest.xml:8:79-105
19
20    <permission
20-->[androidx.core:core:1.13.1] AndroidManifest.xml:22:5-24:47
21        android:name="com.iykyk.collage.DYNAMIC_RECEIVER_NOT_EXPORTED_PERMISSION"
21-->[androidx.core:core:1.13.1] AndroidManifest.xml:23:9-81
22        android:protectionLevel="signature" />
22-->[androidx.core:core:1.13.1] AndroidManifest.xml:24:9-44
23
24    <uses-permission android:name="com.iykyk.collage.DYNAMIC_RECEIVER_NOT_EXPORTED_PERMISSION" /> <!-- Although the *SdkVersion is captured in gradle build files, this is required for non gradle builds -->
24-->[androidx.core:core:1.13.1] AndroidManifest.xml:26:5-97
24-->[androidx.core:core:1.13.1] AndroidManifest.xml:26:22-94
25    <!-- <uses-sdk android:minSdkVersion="14"/> -->
26    <uses-permission android:name="android.permission.ACCESS_NETWORK_STATE" />
26-->[com.google.android.datatransport:transport-backend-cct:2.3.3] AndroidManifest.xml:25:5-79
26-->[com.google.android.datatransport:transport-backend-cct:2.3.3] AndroidManifest.xml:25:22-76
27    <uses-permission android:name="android.permission.INTERNET" />
27-->[com.google.android.datatransport:transport-backend-cct:2.3.3] AndroidManifest.xml:26:5-67
27-->[com.google.android.datatransport:transport-backend-cct:2.3.3] AndroidManifest.xml:26:22-64
28
29    <application
29-->src/main/AndroidManifest.xml:10:5-41:19
30        android:allowBackup="true"
30-->src/main/AndroidManifest.xml:11:9-35
31        android:appComponentFactory="androidx.core.app.CoreComponentFactory"
31-->[androidx.core:core:1.13.1] AndroidManifest.xml:28:18-86
32        android:dataExtractionRules="@xml/data_extraction_rules"
32-->src/main/AndroidManifest.xml:12:9-65
33        android:debuggable="true"
34        android:extractNativeLibs="false"
35        android:fullBackupContent="@xml/backup_rules"
35-->src/main/AndroidManifest.xml:13:9-54
36        android:icon="@android:drawable/sym_def_app_icon"
36-->src/main/AndroidManifest.xml:14:9-58
37        android:label="@string/app_name"
37-->src/main/AndroidManifest.xml:15:9-41
38        android:supportsRtl="true"
38-->src/main/AndroidManifest.xml:16:9-35
39        android:theme="@style/Theme.IYKYKCollage" >
39-->src/main/AndroidManifest.xml:17:9-50
40        <activity
40-->src/main/AndroidManifest.xml:20:9-29:20
41            android:name="com.iykyk.collage.MainActivity"
41-->src/main/AndroidManifest.xml:21:13-41
42            android:exported="true"
42-->src/main/AndroidManifest.xml:22:13-36
43            android:label="@string/app_name"
43-->src/main/AndroidManifest.xml:23:13-45
44            android:theme="@style/Theme.IYKYKCollage" >
44-->src/main/AndroidManifest.xml:24:13-54
45            <intent-filter>
45-->src/main/AndroidManifest.xml:25:13-28:29
46                <action android:name="android.intent.action.MAIN" />
46-->src/main/AndroidManifest.xml:26:17-69
46-->src/main/AndroidManifest.xml:26:25-66
47
48                <category android:name="android.intent.category.LAUNCHER" />
48-->src/main/AndroidManifest.xml:27:17-77
48-->src/main/AndroidManifest.xml:27:27-74
49            </intent-filter>
50        </activity>
51
52        <provider
52-->src/main/AndroidManifest.xml:31:9-39:20
53            android:name="androidx.core.content.FileProvider"
53-->src/main/AndroidManifest.xml:32:13-62
54            android:authorities="com.iykyk.collage.fileprovider"
54-->src/main/AndroidManifest.xml:33:13-65
55            android:exported="false"
55-->src/main/AndroidManifest.xml:34:13-37
56            android:grantUriPermissions="true" >
56-->src/main/AndroidManifest.xml:35:13-47
57            <meta-data
57-->src/main/AndroidManifest.xml:36:13-38:54
58                android:name="android.support.FILE_PROVIDER_PATHS"
58-->src/main/AndroidManifest.xml:37:17-67
59                android:resource="@xml/file_paths" />
59-->src/main/AndroidManifest.xml:38:17-51
60        </provider>
61
62        <service
62-->[com.google.android.gms:play-services-mlkit-face-detection:17.1.0] AndroidManifest.xml:9:9-15:19
63            android:name="com.google.mlkit.common.internal.MlKitComponentDiscoveryService"
63-->[com.google.android.gms:play-services-mlkit-face-detection:17.1.0] AndroidManifest.xml:10:13-91
64            android:directBootAware="true"
64-->[com.google.mlkit:common:18.11.0] AndroidManifest.xml:17:13-43
65            android:exported="false" >
65-->[com.google.android.gms:play-services-mlkit-face-detection:17.1.0] AndroidManifest.xml:11:13-37
66            <meta-data
66-->[com.google.android.gms:play-services-mlkit-face-detection:17.1.0] AndroidManifest.xml:12:13-14:85
67                android:name="com.google.firebase.components:com.google.mlkit.vision.face.internal.FaceRegistrar"
67-->[com.google.android.gms:play-services-mlkit-face-detection:17.1.0] AndroidManifest.xml:13:17-114
68                android:value="com.google.firebase.components.ComponentRegistrar" />
68-->[com.google.android.gms:play-services-mlkit-face-detection:17.1.0] AndroidManifest.xml:14:17-82
69            <meta-data
69-->[com.google.mlkit:vision-common:17.2.0] AndroidManifest.xml:12:13-14:85
70                android:name="com.google.firebase.components:com.google.mlkit.vision.common.internal.VisionCommonRegistrar"
70-->[com.google.mlkit:vision-common:17.2.0] AndroidManifest.xml:13:17-124
71                android:value="com.google.firebase.components.ComponentRegistrar" />
71-->[com.google.mlkit:vision-common:17.2.0] AndroidManifest.xml:14:17-82
72            <meta-data
72-->[com.google.mlkit:common:18.11.0] AndroidManifest.xml:20:13-22:85
73                android:name="com.google.firebase.components:com.google.mlkit.common.internal.CommonComponentRegistrar"
73-->[com.google.mlkit:common:18.11.0] AndroidManifest.xml:21:17-120
74                android:value="com.google.firebase.components.ComponentRegistrar" />
74-->[com.google.mlkit:common:18.11.0] AndroidManifest.xml:22:17-82
75        </service>
76
77        <provider
77-->[com.google.mlkit:common:18.11.0] AndroidManifest.xml:9:9-13:38
78            android:name="com.google.mlkit.common.internal.MlKitInitProvider"
78-->[com.google.mlkit:common:18.11.0] AndroidManifest.xml:10:13-78
79            android:authorities="com.iykyk.collage.mlkitinitprovider"
79-->[com.google.mlkit:common:18.11.0] AndroidManifest.xml:11:13-69
80            android:exported="false"
80-->[com.google.mlkit:common:18.11.0] AndroidManifest.xml:12:13-37
81            android:initOrder="99" />
81-->[com.google.mlkit:common:18.11.0] AndroidManifest.xml:13:13-35
82
83        <activity
83-->[com.google.android.gms:play-services-base:18.5.0] AndroidManifest.xml:5:9-173
84            android:name="com.google.android.gms.common.api.GoogleApiActivity"
84-->[com.google.android.gms:play-services-base:18.5.0] AndroidManifest.xml:5:19-85
85            android:exported="false"
85-->[com.google.android.gms:play-services-base:18.5.0] AndroidManifest.xml:5:146-170
86            android:theme="@android:style/Theme.Translucent.NoTitleBar" />
86-->[com.google.android.gms:play-services-base:18.5.0] AndroidManifest.xml:5:86-145
87
88        <meta-data
88-->[com.google.android.gms:play-services-basement:18.4.0] AndroidManifest.xml:6:9-122
89            android:name="com.google.android.gms.version"
89-->[com.google.android.gms:play-services-basement:18.4.0] AndroidManifest.xml:6:20-65
90            android:value="@integer/google_play_services_version" />
90-->[com.google.android.gms:play-services-basement:18.4.0] AndroidManifest.xml:6:66-119
91
92        <provider
92-->[androidx.emoji2:emoji2:1.3.0] AndroidManifest.xml:24:9-32:20
93            android:name="androidx.startup.InitializationProvider"
93-->[androidx.emoji2:emoji2:1.3.0] AndroidManifest.xml:25:13-67
94            android:authorities="com.iykyk.collage.androidx-startup"
94-->[androidx.emoji2:emoji2:1.3.0] AndroidManifest.xml:26:13-68
95            android:exported="false" >
95-->[androidx.emoji2:emoji2:1.3.0] AndroidManifest.xml:27:13-37
96            <meta-data
96-->[androidx.emoji2:emoji2:1.3.0] AndroidManifest.xml:29:13-31:52
97                android:name="androidx.emoji2.text.EmojiCompatInitializer"
97-->[androidx.emoji2:emoji2:1.3.0] AndroidManifest.xml:30:17-75
98                android:value="androidx.startup" />
98-->[androidx.emoji2:emoji2:1.3.0] AndroidManifest.xml:31:17-49
99            <meta-data
99-->[androidx.lifecycle:lifecycle-process:2.8.6] AndroidManifest.xml:29:13-31:52
100                android:name="androidx.lifecycle.ProcessLifecycleInitializer"
100-->[androidx.lifecycle:lifecycle-process:2.8.6] AndroidManifest.xml:30:17-78
101                android:value="androidx.startup" />
101-->[androidx.lifecycle:lifecycle-process:2.8.6] AndroidManifest.xml:31:17-49
102            <meta-data
102-->[androidx.profileinstaller:profileinstaller:1.3.1] AndroidManifest.xml:29:13-31:52
103                android:name="androidx.profileinstaller.ProfileInstallerInitializer"
103-->[androidx.profileinstaller:profileinstaller:1.3.1] AndroidManifest.xml:30:17-85
104                android:value="androidx.startup" />
104-->[androidx.profileinstaller:profileinstaller:1.3.1] AndroidManifest.xml:31:17-49
105        </provider>
106
107        <activity
107-->[androidx.compose.ui:ui-tooling-android:1.7.4] AndroidManifest.xml:23:9-25:39
108            android:name="androidx.compose.ui.tooling.PreviewActivity"
108-->[androidx.compose.ui:ui-tooling-android:1.7.4] AndroidManifest.xml:24:13-71
109            android:exported="true" />
109-->[androidx.compose.ui:ui-tooling-android:1.7.4] AndroidManifest.xml:25:13-36
110
111        <service
111-->[com.google.android.datatransport:transport-backend-cct:2.3.3] AndroidManifest.xml:29:9-35:19
112            android:name="com.google.android.datatransport.runtime.backends.TransportBackendDiscovery"
112-->[com.google.android.datatransport:transport-backend-cct:2.3.3] AndroidManifest.xml:30:13-103
113            android:exported="false" >
113-->[com.google.android.datatransport:transport-backend-cct:2.3.3] AndroidManifest.xml:31:13-37
114            <meta-data
114-->[com.google.android.datatransport:transport-backend-cct:2.3.3] AndroidManifest.xml:32:13-34:39
115                android:name="backend:com.google.android.datatransport.cct.CctBackendFactory"
115-->[com.google.android.datatransport:transport-backend-cct:2.3.3] AndroidManifest.xml:33:17-94
116                android:value="cct" />
116-->[com.google.android.datatransport:transport-backend-cct:2.3.3] AndroidManifest.xml:34:17-36
117        </service>
118        <service
118-->[com.google.android.datatransport:transport-runtime:2.2.6] AndroidManifest.xml:26:9-30:19
119            android:name="com.google.android.datatransport.runtime.scheduling.jobscheduling.JobInfoSchedulerService"
119-->[com.google.android.datatransport:transport-runtime:2.2.6] AndroidManifest.xml:27:13-117
120            android:exported="false"
120-->[com.google.android.datatransport:transport-runtime:2.2.6] AndroidManifest.xml:28:13-37
121            android:permission="android.permission.BIND_JOB_SERVICE" >
121-->[com.google.android.datatransport:transport-runtime:2.2.6] AndroidManifest.xml:29:13-69
122        </service>
123
124        <receiver
124-->[com.google.android.datatransport:transport-runtime:2.2.6] AndroidManifest.xml:32:9-34:40
125            android:name="com.google.android.datatransport.runtime.scheduling.jobscheduling.AlarmManagerSchedulerBroadcastReceiver"
125-->[com.google.android.datatransport:transport-runtime:2.2.6] AndroidManifest.xml:33:13-132
126            android:exported="false" />
126-->[com.google.android.datatransport:transport-runtime:2.2.6] AndroidManifest.xml:34:13-37
127        <receiver
127-->[androidx.profileinstaller:profileinstaller:1.3.1] AndroidManifest.xml:34:9-52:20
128            android:name="androidx.profileinstaller.ProfileInstallReceiver"
128-->[androidx.profileinstaller:profileinstaller:1.3.1] AndroidManifest.xml:35:13-76
129            android:directBootAware="false"
129-->[androidx.profileinstaller:profileinstaller:1.3.1] AndroidManifest.xml:36:13-44
130            android:enabled="true"
130-->[androidx.profileinstaller:profileinstaller:1.3.1] AndroidManifest.xml:37:13-35
131            android:exported="true"
131-->[androidx.profileinstaller:profileinstaller:1.3.1] AndroidManifest.xml:38:13-36
132            android:permission="android.permission.DUMP" >
132-->[androidx.profileinstaller:profileinstaller:1.3.1] AndroidManifest.xml:39:13-57
133            <intent-filter>
133-->[androidx.profileinstaller:profileinstaller:1.3.1] AndroidManifest.xml:40:13-42:29
134                <action android:name="androidx.profileinstaller.action.INSTALL_PROFILE" />
134-->[androidx.profileinstaller:profileinstaller:1.3.1] AndroidManifest.xml:41:17-91
134-->[androidx.profileinstaller:profileinstaller:1.3.1] AndroidManifest.xml:41:25-88
135            </intent-filter>
136            <intent-filter>
136-->[androidx.profileinstaller:profileinstaller:1.3.1] AndroidManifest.xml:43:13-45:29
137                <action android:name="androidx.profileinstaller.action.SKIP_FILE" />
137-->[androidx.profileinstaller:profileinstaller:1.3.1] AndroidManifest.xml:44:17-85
137-->[androidx.profileinstaller:profileinstaller:1.3.1] AndroidManifest.xml:44:25-82
138            </intent-filter>
139            <intent-filter>
139-->[androidx.profileinstaller:profileinstaller:1.3.1] AndroidManifest.xml:46:13-48:29
140                <action android:name="androidx.profileinstaller.action.SAVE_PROFILE" />
140-->[androidx.profileinstaller:profileinstaller:1.3.1] AndroidManifest.xml:47:17-88
140-->[androidx.profileinstaller:profileinstaller:1.3.1] AndroidManifest.xml:47:25-85
141            </intent-filter>
142            <intent-filter>
142-->[androidx.profileinstaller:profileinstaller:1.3.1] AndroidManifest.xml:49:13-51:29
143                <action android:name="androidx.profileinstaller.action.BENCHMARK_OPERATION" />
143-->[androidx.profileinstaller:profileinstaller:1.3.1] AndroidManifest.xml:50:17-95
143-->[androidx.profileinstaller:profileinstaller:1.3.1] AndroidManifest.xml:50:25-92
144            </intent-filter>
145        </receiver>
146    </application>
147
148</manifest>